F0723 01:03:28.698031    23 master_main.cc:127] Not found (yb/util/env_posix.cc:1506): Unable to initialize catalog manager: Failed to initialize sys tables async: Encountered errors during system catalog initialization:
	Error on Load: Not found (yb/fs/fs_manager.cc:641): Metadata dir not found for tablet 00000000000000000000000000000000
	Error on CreateNew: : Failed to open new log: /home/yugabyte/yb_data/data/yb-data/master/wals/table-sys.catalog.uuid/tablet-00000000000000000000000000000000/wal-000000001: No such file or directory (system error 2)
Fatal failure details written to /home/yugabyte/yb_data/data/yb-data/master/logs/yb-master.FATAL.details.2022-07-23T01_03_28.pid23.txt
F20220723 01:03:28 ../../src/yb/master/master_main.cc:127] Not found (yb/util/env_posix.cc:1506): Unable to initialize catalog manager: Failed to initialize sys tables async: Encountered errors during system catalog initialization:
	Error on Load: Not found (yb/fs/fs_manager.cc:641): Metadata dir not found for tablet 00000000000000000000000000000000
	Error on CreateNew: : Failed to open new log: /home/yugabyte/yb_data/data/yb-data/master/wals/table-sys.catalog.uuid/tablet-00000000000000000000000000000000/wal-000000001: No such file or directory (system error 2)
    @     0x7fd1f752be1c  google::LogDestination::LogToSinks()
    @     0x7fd1f752b844  google::LogMessage::SendToLog()
    @     0x7fd1f752cfd8  google::LogMessage::Flush()
    @     0x7fd1f752d7bf  google::LogMessageFatal::~LogMessageFatal()
    @           0x205c35  main
    @     0x7fd1f4f5e825  __libc_start_main
    @           0x204e99  _start

*** Check failure stack trace: ***
    @     0x7fd1f752bc44  google::LogMessage::SendToLog()
    @     0x7fd1f752cfd8  google::LogMessage::Flush()
    @     0x7fd1f752d7bf  google::LogMessageFatal::~LogMessageFatal()
    @           0x205c35  main
    @     0x7fd1f4f5e825  __libc_start_main
    @           0x204e99  _start
F0723 01:05:35.295272    22 master_main.cc:127] Not found (yb/util/env_posix.cc:1506): Unable to initialize catalog manager: Failed to initialize sys tables async: Encountered errors during system catalog initialization:
	Error on Load: Not found (yb/fs/fs_manager.cc:641): Metadata dir not found for tablet 00000000000000000000000000000000
	Error on CreateNew: : Failed to open new log: /home/yugabyte/yb_data/data/yb-data/master/wals/table-sys.catalog.uuid/tablet-00000000000000000000000000000000/wal-000000001: No such file or directory (system error 2)
Fatal failure details written to /home/yugabyte/yb_data/data/yb-data/master/logs/yb-master.FATAL.details.2022-07-23T01_05_35.pid22.txt
F20220723 01:05:35 ../../src/yb/master/master_main.cc:127] Not found (yb/util/env_posix.cc:1506): Unable to initialize catalog manager: Failed to initialize sys tables async: Encountered errors during system catalog initialization:
	Error on Load: Not found (yb/fs/fs_manager.cc:641): Metadata dir not found for tablet 00000000000000000000000000000000
	Error on CreateNew: : Failed to open new log: /home/yugabyte/yb_data/data/yb-data/master/wals/table-sys.catalog.uuid/tablet-00000000000000000000000000000000/wal-000000001: No such file or directory (system error 2)
    @     0x7f51e73aee1c  google::LogDestination::LogToSinks()
    @     0x7f51e73ae844  google::LogMessage::SendToLog()
    @     0x7f51e73affd8  google::LogMessage::Flush()
    @     0x7f51e73b07bf  google::LogMessageFatal::~LogMessageFatal()
    @           0x205c35  main
    @     0x7f51e4de1825  __libc_start_main
    @           0x204e99  _start

*** Check failure stack trace: ***
    @     0x7f51e73aec44  google::LogMessage::SendToLog()
    @     0x7f51e73affd8  google::LogMessage::Flush()
    @     0x7f51e73b07bf  google::LogMessageFatal::~LogMessageFatal()
    @           0x205c35  main
    @     0x7f51e4de1825  __libc_start_main
    @           0x204e99  _start
